nohup: ignoring input
[mov,mp4,m4a,3gp,3g2,mj2 @ 0x5cfeb6912a80] moov atom not found
[mov,mp4,m4a,3gp,3g2,mj2 @ 0x5cfeb6912a80] moov atom not found
V2: processed 0000000.mp4 in 6.75 seconds
V2: processed 0000001.mp4 in 7.80 seconds
V2: processed 0000002.mp4 in 2.94 seconds
V2: processed 0000003.mp4 in 8.19 seconds
V2: processed 0000004.mp4 in 9.44 seconds
V2: processed 0000005.mp4 in 9.33 seconds
V2: processed 0000006.mp4 in 9.30 seconds
V2: processed 0000007.mp4 in 9.55 seconds
V2: processed 0000008.mp4 in 8.21 seconds
V2: processed 0000009.mp4 in 8.87 seconds
V2: processed 0000010.mp4 in 8.66 seconds
V2: processed 0000011.mp4 in 8.32 seconds
V2: processed 0000012.mp4 in 12.35 seconds
V2: processed 0000013.mp4 in 9.40 seconds
V2: processed 0000014.mp4 in 10.69 seconds
V2: processed 0000015.mp4 in 9.04 seconds
V2: processed 0000016.mp4 in 8.05 seconds
V2: processed 0000017.mp4 in 9.10 seconds
V2: processed 0000018.mp4 in 8.99 seconds
V2: processed 0000019.mp4 in 7.08 seconds
V2: processed 0000020.mp4 in 8.43 seconds
V2: processed 0000021.mp4 in 9.81 seconds
V2: processed 0000022.mp4 in 8.44 seconds
V2: processed 0000023.mp4 in 7.59 seconds
V2: processed 0000024.mp4 in 7.68 seconds
V2: processed 0000025.mp4 in 9.90 seconds
V2: processed 0000026.mp4 in 8.72 seconds
V2: processed 0000027.mp4 in 9.94 seconds
V2: processed 0000028.mp4 in 12.14 seconds
V2: processed 0000029.mp4 in 9.17 seconds
V2: processed 0000030.mp4 in 8.82 seconds
V2: processed 0000031.mp4 in 8.74 seconds
V2: processed 0000032.mp4 in 9.02 seconds
V2: processed 0000033.mp4 in 9.90 seconds
V2: processed 0000034.mp4 in 10.14 seconds
V2: processed 0000035.mp4 in 9.32 seconds
V2: processed 0000036.mp4 in 7.86 seconds
V2: processed 0000037.mp4 in 9.56 seconds
V2: processed 0000038.mp4 in 10.96 seconds
V2: processed 0000039.mp4 in 10.77 seconds
V2: processed 0000040.mp4 in 9.84 seconds
V2: processed 0000041.mp4 in 7.34 seconds
V2: processed 0000042.mp4 in 10.21 seconds
V2: processed 0000043.mp4 in 1.16 seconds
V2: processed 0000044.mp4 in 7.53 seconds
V2: processed 0000045.mp4 in 9.07 seconds
V2: processed 0000046.mp4 in 10.55 seconds
V2: processed 0000047.mp4 in 9.75 seconds
V2: processed 0000048.mp4 in 12.65 seconds
V2: processed 0000049.mp4 in 10.17 seconds
V2: processed 0000050.mp4 in 6.98 seconds
V2: processed 0000051.mp4 in 9.92 seconds
V2: processed 0000052.mp4 in 10.38 seconds
V2: processed 0000053.mp4 in 10.29 seconds
V2: processed 0000054.mp4 in 11.89 seconds
V2: processed 0000055.mp4 in 7.76 seconds
V2: processed 0000056.mp4 in 11.38 seconds
V2: processed 0000057.mp4 in 9.35 seconds
V2: processed 0000058.mp4 in 9.74 seconds
V2: processed 0000059.mp4 in 10.26 seconds
V2: processed 0000060.mp4 in 12.70 seconds
V2: processed 0000061.mp4 in 9.76 seconds
V2: processed 0000062.mp4 in 9.99 seconds
V2: processed 0000063.mp4 in 12.45 seconds
V2: processed 0000064.mp4 in 9.36 seconds
V2: processed 0000065.mp4 in 10.51 seconds
V2: processed 0000066.mp4 in 9.30 seconds
V2: processed 0000067.mp4 in 8.32 seconds
V2: processed 0000068.mp4 in 10.02 seconds
V2: processed 0000069.mp4 in 9.81 seconds
V2: processed 0000070.mp4 in 10.00 seconds
V2: processed 0000071.mp4 in 12.41 seconds
V2: processed 0000072.mp4 in 7.37 seconds
V2: processed 0000073.mp4 in 10.52 seconds
V2: processed 0000074.mp4 in 11.45 seconds
V2: processed 0000075.mp4 in 8.74 seconds
V2: processed 0000076.mp4 in 9.99 seconds
V2: processed 0000077.mp4 in 9.31 seconds
V2: processed 0000078.mp4 in 12.37 seconds
V2: processed 0000079.mp4 in 10.24 seconds
V2: processed 0000080.mp4 in 3.76 seconds
V2: processed 0000081.mp4 in 9.54 seconds
V2: processed 0000082.mp4 in 10.53 seconds
V2: processed 0000083.mp4 in 1.84 seconds
V2: processed 0000084.mp4 in 10.12 seconds
V2: processed 0000085.mp4 in 11.10 seconds
V2: processed 0000086.mp4 in 10.88 seconds
V2: processed 0000087.mp4 in 10.08 seconds
V2: processed 0000088.mp4 in 9.69 seconds
V2: processed 0000089.mp4 in 9.97 seconds
V2: processed 0000090.mp4 in 12.72 seconds
V2: processed 0000091.mp4 in 8.72 seconds
V2: processed 0000092.mp4 in 13.16 seconds
V2: processed 0000093.mp4 in 10.06 seconds
V2: processed 0000094.mp4 in 9.38 seconds
V2: processed 0000095.mp4 in 9.41 seconds
V2: processed 0000096.mp4 in 7.68 seconds
V2: processed 0000097.mp4 in 14.05 seconds
V2: processed 0000098.mp4 in 8.86 seconds
V2: processed 0000099.mp4 in 14.62 seconds
V2: processed 0000100.mp4 in 9.50 seconds
V2: processed 0000101.mp4 in 11.20 seconds
V2: processed 0000102.mp4 in 8.44 seconds
V2: processed 0000103.mp4 in 11.96 seconds
V2: processed 0000104.mp4 in 6.61 seconds
V2: processed 0000105.mp4 in 11.23 seconds
V2: processed 0000106.mp4 in 11.03 seconds
V2: processed 0000107.mp4 in 10.36 seconds
V2: processed 0000108.mp4 in 11.45 seconds
V2: processed 0000109.mp4 in 8.80 seconds
Error: Could not open video.
V2: processed 0000110.mp4 in 0.09 seconds
V2: processed 0000111.mp4 in 11.04 seconds
Error: Could not open video.
V2: processed 0000112.mp4 in 0.07 seconds
V2: processed 0000113.mp4 in 12.62 seconds
V2: processed 0000114.mp4 in 10.25 seconds
V2: processed 0000115.mp4 in 11.78 seconds
V2: processed 0000116.mp4 in 8.92 seconds
V2: processed 0000117.mp4 in 10.75 seconds
V2: processed 0000118.mp4 in 10.03 seconds
V2: processed 0000119.mp4 in 10.86 seconds
V2: processed 0000120.mp4 in 10.20 seconds
V2: processed 0000121.mp4 in 12.45 seconds
V2: processed 0000122.mp4 in 8.37 seconds
V2: processed 0000123.mp4 in 10.20 seconds
V2: processed 0000124.mp4 in 10.79 seconds
V2: processed 0000125.mp4 in 10.47 seconds
V2: processed 0000126.mp4 in 10.31 seconds
V2: processed 0000127.mp4 in 11.67 seconds
V2: processed 0000128.mp4 in 6.63 seconds
V2: processed 0000129.mp4 in 14.66 seconds
V2: processed 0000130.mp4 in 13.10 seconds
V2: processed 0000131.mp4 in 57.04 seconds
V2: processed 0000132.mp4 in 21.54 seconds
V2: processed 0000133.mp4 in 28.42 seconds
V2: processed 0000134.mp4 in 20.44 seconds
V2: processed 0000135.mp4 in 27.64 seconds
V2: processed 0000136.mp4 in 22.29 seconds
V2: processed 0000137.mp4 in 16.53 seconds
V2: processed 0000138.mp4 in 20.28 seconds
V2: processed 0000139.mp4 in 22.03 seconds
V2: processed 0000140.mp4 in 25.60 seconds
V2: processed 0000141.mp4 in 23.06 seconds
V2: processed 0000142.mp4 in 20.61 seconds
V2: processed 0000143.mp4 in 7.28 seconds
V2: processed 0000144.mp4 in 22.33 seconds
V2: processed 0000145.mp4 in 25.02 seconds
V2: processed 0000146.mp4 in 25.06 seconds
V2: processed 0000147.mp4 in 19.21 seconds
V2: processed 0000148.mp4 in 19.89 seconds
V2: processed 0000149.mp4 in 23.69 seconds
V2: processed 0000150.mp4 in 19.62 seconds
V2: processed 0000151.mp4 in 22.41 seconds
V2: processed 0000152.mp4 in 15.55 seconds
V2: processed 0000153.mp4 in 23.82 seconds
V2: processed 0000154.mp4 in 21.43 seconds
V2: processed 0000155.mp4 in 27.60 seconds
V2: processed 0000156.mp4 in 15.86 seconds
V2: processed 0000157.mp4 in 15.97 seconds
V2: processed 0000158.mp4 in 20.98 seconds
V2: processed 0000159.mp4 in 24.69 seconds
V2: processed 0000160.mp4 in 20.26 seconds
V2: processed 0000161.mp4 in 20.10 seconds
V2: processed 0000162.mp4 in 3.37 seconds
V2: processed 0000163.mp4 in 7.34 seconds
V2: processed 0000164.mp4 in 23.50 seconds
V2: processed 0000165.mp4 in 20.47 seconds
V2: processed 0000166.mp4 in 20.16 seconds
V2: processed 0000167.mp4 in 28.26 seconds
V2: processed 0000168.mp4 in 31.31 seconds
V2: processed 0000169.mp4 in 24.56 seconds
V2: processed 0000170.mp4 in 21.74 seconds
V2: processed 0000171.mp4 in 20.20 seconds
V2: processed 0000172.mp4 in 26.76 seconds
V2: processed 0000173.mp4 in 22.38 seconds
V2: processed 0000174.mp4 in 22.69 seconds
V2: processed 0000175.mp4 in 19.02 seconds
V2: processed 0000176.mp4 in 23.28 seconds
V2: processed 0000177.mp4 in 31.63 seconds
V2: processed 0000178.mp4 in 23.35 seconds
V2: processed 0000179.mp4 in 17.28 seconds
V2: processed 0000180.mp4 in 20.97 seconds
V2: processed 0000181.mp4 in 21.39 seconds
V2: processed 0000182.mp4 in 24.30 seconds
V2: processed 0000183.mp4 in 32.31 seconds
V2: processed 0000184.mp4 in 18.19 seconds
V2: processed 0000185.mp4 in 18.48 seconds
V2: processed 0000186.mp4 in 11.28 seconds
V2: processed 0000187.mp4 in 27.28 seconds
V2: processed 0000188.mp4 in 25.83 seconds
V2: processed 0000189.mp4 in 18.23 seconds
[NULL @ 0x5cfeb6f4f400] Invalid NAL unit size (6195 > 3928).
[NULL @ 0x5cfeb6f4f400] missing picture in access unit with size 3938
[h264 @ 0x5cfeb6ec4a40] Invalid NAL unit size (6195 > 3928).
[h264 @ 0x5cfeb6ec4a40] Error splitting the input into NAL units.
V2: processed 0000190.mp4 in 25.79 seconds
V2: processed 0000191.mp4 in 18.76 seconds
V2: processed 0000192.mp4 in 25.08 seconds
V2: processed 0000193.mp4 in 20.56 seconds
V2: processed 0000194.mp4 in 24.19 seconds
V2: processed 0000195.mp4 in 16.62 seconds
V2: processed 0000196.mp4 in 23.82 seconds
V2: processed 0000197.mp4 in 16.15 seconds
V2: processed 0000198.mp4 in 19.20 seconds
V2: processed 0000199.mp4 in 19.51 seconds
V2: processed 0000200.mp4 in 15.08 seconds
V2: processed 0000201.mp4 in 35.34 seconds
V2: processed 0000202.mp4 in 18.89 seconds
V2: processed 0000203.mp4 in 15.85 seconds
V2: processed 0000204.mp4 in 19.26 seconds
V2: processed 0000205.mp4 in 24.36 seconds
V2: processed 0000206.mp4 in 21.43 seconds
V2: processed 0000207.mp4 in 26.02 seconds
V2: processed 0000208.mp4 in 22.70 seconds
V2: processed 0000209.mp4 in 23.73 seconds
V2: processed 0000210.mp4 in 16.06 seconds
V2: processed 0000211.mp4 in 22.93 seconds
V2: processed 0000212.mp4 in 24.93 seconds
V2: processed 0000213.mp4 in 27.81 seconds
V2: processed 0000214.mp4 in 27.65 seconds
V2: processed 0000215.mp4 in 31.06 seconds
V2: processed 0000216.mp4 in 23.30 seconds
V2: processed 0000217.mp4 in 24.95 seconds
V2: processed 0000218.mp4 in 17.75 seconds
V2: processed 0000219.mp4 in 32.66 seconds
V2: processed 0000220.mp4 in 23.12 seconds
V2: processed 0000221.mp4 in 30.41 seconds
V2: processed 0000222.mp4 in 28.04 seconds
V2: processed 0000223.mp4 in 24.03 seconds
V2: processed 0000224.mp4 in 25.91 seconds
V2: processed 0000225.mp4 in 38.43 seconds
V2: processed 0000226.mp4 in 36.05 seconds
V2: processed 0000227.mp4 in 34.73 seconds
V2: processed 0000228.mp4 in 163.18 seconds
V2: processed 0000229.mp4 in 142.56 seconds
V2: processed 0000230.mp4 in 44.16 seconds
V2: processed 0000231.mp4 in 63.28 seconds
V2: processed 0000232.mp4 in 25.51 seconds
V2: processed 0000233.mp4 in 19.15 seconds
V2: processed 0000234.mp4 in 34.12 seconds
V2: processed 0000235.mp4 in 31.14 seconds
V2: processed 0000236.mp4 in 34.73 seconds
V2: processed 0000237.mp4 in 29.69 seconds
V2: processed 0000238.mp4 in 37.67 seconds
V2: processed 0000239.mp4 in 29.40 seconds
V2: processed 0000240.mp4 in 32.05 seconds
V2: processed 0000241.mp4 in 30.32 seconds
V2: processed 0000242.mp4 in 38.43 seconds
V2: processed 0000243.mp4 in 28.51 seconds
V2: processed 0000244.mp4 in 41.73 seconds
V2: processed 0000245.mp4 in 61.35 seconds
V2: processed 0000246.mp4 in 51.24 seconds
V2: processed 0000247.mp4 in 58.24 seconds
V2: processed 0000248.mp4 in 72.54 seconds
V2: processed 0000249.mp4 in 66.28 seconds
V2: processed 0000250.mp4 in 57.65 seconds
V2: processed 0000251.mp4 in 40.93 seconds
V2: processed 0000252.mp4 in 48.20 seconds
V2: processed 0000253.mp4 in 27.05 seconds
V2: processed 0000254.mp4 in 25.27 seconds
V2: processed 0000255.mp4 in 23.52 seconds
V2: processed 0000256.mp4 in 20.09 seconds
V2: processed 0000257.mp4 in 18.80 seconds
V2: processed 0000258.mp4 in 21.19 seconds
V2: processed 0000259.mp4 in 27.80 seconds
V2: processed 0000260.mp4 in 20.78 seconds
V2: processed 0000261.mp4 in 16.39 seconds
V2: processed 0000262.mp4 in 27.53 seconds
V2: processed 0000263.mp4 in 33.34 seconds
V2: processed 0000264.mp4 in 22.54 seconds
V2: processed 0000265.mp4 in 35.19 seconds
V2: processed 0000266.mp4 in 26.45 seconds
V2: processed 0000267.mp4 in 32.46 seconds
V2: processed 0000268.mp4 in 25.37 seconds
V2: processed 0000269.mp4 in 27.79 seconds
V2: processed 0000270.mp4 in 25.34 seconds
V2: processed 0000271.mp4 in 19.12 seconds
V2: processed 0000272.mp4 in 19.13 seconds
V2: processed 0000273.mp4 in 29.94 seconds
V2: processed 0000274.mp4 in 36.23 seconds
V2: processed 0000275.mp4 in 5.53 seconds
V2: processed 0000276.mp4 in 33.31 seconds
V2: processed 0000277.mp4 in 24.80 seconds
V2: processed 0000278.mp4 in 16.08 seconds
V2: processed 0000279.mp4 in 32.98 seconds
V2: processed 0000280.mp4 in 26.75 seconds
V2: processed 0000281.mp4 in 24.60 seconds
V2: processed 0000282.mp4 in 29.17 seconds
V2: processed 0000283.mp4 in 20.04 seconds
V2: processed 0000284.mp4 in 28.68 seconds
V2: processed 0000285.mp4 in 38.73 seconds
V2: processed 0000286.mp4 in 25.00 seconds
V2: processed 0000287.mp4 in 17.36 seconds
V2: processed 0000288.mp4 in 17.09 seconds
V2: processed 0000289.mp4 in 15.32 seconds
V2: processed 0000290.mp4 in 16.38 seconds
V2: processed 0000291.mp4 in 20.54 seconds
V2: processed 0000292.mp4 in 28.57 seconds
V2: processed 0000293.mp4 in 16.63 seconds
V2: processed 0000294.mp4 in 17.47 seconds
V2: processed 0000295.mp4 in 24.02 seconds
V2: processed 0000296.mp4 in 20.03 seconds
V2: processed 0000297.mp4 in 38.39 seconds
V2: processed 0000298.mp4 in 27.68 seconds
V2: processed 0000299.mp4 in 20.52 seconds
V2: processed 0000300.mp4 in 20.58 seconds
V2: processed 0000301.mp4 in 20.11 seconds
V2: processed 0000302.mp4 in 19.54 seconds
V2: processed 0000303.mp4 in 19.58 seconds
V2: processed 0000304.mp4 in 20.63 seconds
V2: processed 0000305.mp4 in 7.04 seconds
V2: processed 0000306.mp4 in 14.23 seconds
V2: processed 0000307.mp4 in 14.99 seconds
V2: processed 0000308.mp4 in 24.51 seconds
V2: processed 0000309.mp4 in 25.45 seconds
V2: processed 0000310.mp4 in 27.07 seconds
V2: processed 0000311.mp4 in 20.25 seconds
V2: processed 0000312.mp4 in 15.27 seconds
V2: processed 0000313.mp4 in 16.46 seconds
V2: processed 0000314.mp4 in 23.45 seconds
V2: processed 0000315.mp4 in 20.12 seconds
V2: processed 0000316.mp4 in 16.09 seconds
V2: processed 0000317.mp4 in 13.97 seconds
V2: processed 0000318.mp4 in 20.41 seconds
V2: processed 0000319.mp4 in 19.33 seconds
V2: processed 0000320.mp4 in 22.57 seconds
V2: processed 0000321.mp4 in 21.45 seconds
V2: processed 0000322.mp4 in 20.56 seconds
V2: processed 0000323.mp4 in 18.17 seconds
V2: processed 0000324.mp4 in 24.69 seconds
V2: processed 0000325.mp4 in 20.32 seconds
V2: processed 0000326.mp4 in 0.47 seconds
V2: processed 0000327.mp4 in 19.71 seconds
V2: processed 0000328.mp4 in 10.83 seconds
V2: processed 0000329.mp4 in 22.23 seconds
V2: processed 0000330.mp4 in 21.27 seconds
V2: processed 0000331.mp4 in 19.59 seconds
V2: processed 0000332.mp4 in 22.32 seconds
V2: processed 0000333.mp4 in 25.21 seconds
V2: processed 0000334.mp4 in 22.44 seconds
V2: processed 0000335.mp4 in 22.37 seconds
V2: processed 0000336.mp4 in 24.85 seconds
V2: processed 0000337.mp4 in 20.52 seconds
V2: processed 0000338.mp4 in 22.41 seconds
V2: processed 0000339.mp4 in 25.46 seconds
V2: processed 0000340.mp4 in 28.59 seconds
V2: processed 0000341.mp4 in 23.84 seconds
V2: processed 0000342.mp4 in 22.92 seconds
V2: processed 0000343.mp4 in 18.76 seconds
V2: processed 0000344.mp4 in 27.76 seconds
V2: processed 0000345.mp4 in 12.75 seconds
V2: processed 0000346.mp4 in 25.52 seconds
V2: processed 0000347.mp4 in 23.97 seconds
V2: processed 0000348.mp4 in 20.46 seconds
V2: processed 0000349.mp4 in 18.46 seconds
V2: processed 0000350.mp4 in 22.09 seconds
V2: processed 0000351.mp4 in 32.48 seconds
V2: processed 0000352.mp4 in 28.26 seconds
V2: processed 0000353.mp4 in 28.83 seconds
V2: processed 0000354.mp4 in 16.73 seconds
V2: processed 0000355.mp4 in 19.86 seconds
V2: processed 0000356.mp4 in 21.49 seconds
V2: processed 0000357.mp4 in 17.04 seconds
V2: processed 0000358.mp4 in 20.53 seconds
V2: processed 0000359.mp4 in 3.89 seconds
V2: processed 0000360.mp4 in 21.43 seconds
V2: processed 0000361.mp4 in 24.62 seconds
V2: processed 0000362.mp4 in 22.02 seconds
V2: processed 0000363.mp4 in 20.84 seconds
V2: processed 0000364.mp4 in 23.73 seconds
V2: processed 0000365.mp4 in 27.62 seconds
V2: processed 0000366.mp4 in 19.32 seconds
V2: processed 0000367.mp4 in 14.40 seconds
V2: processed 0000368.mp4 in 21.77 seconds
V2: processed 0000369.mp4 in 55.63 seconds
V2: processed 0000370.mp4 in 13.52 seconds
V2: processed 0000371.mp4 in 24.54 seconds
V2: processed 0000372.mp4 in 20.45 seconds
V2: processed 0000373.mp4 in 28.40 seconds
V2: processed 0000374.mp4 in 23.08 seconds
V2: processed 0000375.mp4 in 19.70 seconds
V2: processed 0000376.mp4 in 22.77 seconds
V2: processed 0000377.mp4 in 16.09 seconds
V2: processed 0000378.mp4 in 26.66 seconds
V2: processed 0000379.mp4 in 20.73 seconds
